<?xml version="1.0" encoding="UTF-8"?>
<testng-results ignored="0" total="1" passed="1" failed="0" skipped="0">
  <reporter-output>
  </reporter-output>
  <suite started-at="2021-02-08T13:02:50 IST" name="Default suite" finished-at="2021-02-08T13:02:53 IST" duration-ms="3474">
    <groups>
    </groups>
    <test started-at="2021-02-08T13:02:50 IST" name="Default test" finished-at="2021-02-08T13:02:53 IST" duration-ms="3474">
      <class name="Demo_Get">
        <test-method signature="Demo()[pri:0, instance:Demo_Get@503d687a]" started-at="2021-02-08T13:02:50 IST" name="Demo" finished-at="2021-02-08T13:02:53 IST" duration-ms="3425" status="PASS">
          <reporter-output>
          </reporter-output>
        </test-method> <!-- Demo -->
      </class> <!-- Demo_Get -->
    </test> <!-- Default test -->
  </suite> <!-- Default suite -->
</testng-results>
